Arguments: 
  /usr/local/Cellar/node/14.12.0/bin/node /usr/local/Cellar/yarn/1.22.5/libexec/bin/yarn.js add @actions/core --save

PATH: 
  /Users/rodrigo.md/.pyenv/shims:/usr/local/bin:/usr/bin:/bin:/usr/sbin:/sbin:/Users/rodrigo.md/.nvm/versions/node/v16.13.2/bin:/Users/rodrigo.md/.pyenv/shims:/usr/local/bin

Yarn version: 
  1.22.5

Node version: 
  14.12.0

Platform: 
  darwin x64

Trace: 
  Error: https://registry.yarnpkg.com/@actions%2fcore: ETIMEDOUT
      at Timeout._onTimeout (/usr/local/Cellar/yarn/1.22.5/libexec/lib/cli.js:141409:19)
      at listOnTimeout (internal/timers.js:554:17)
      at processTimers (internal/timers.js:497:7)

npm manifest: 
  {
    "name": "generate-site",
    "version": "1.0.0",
    "main": "index.js",
    "license": "MIT"
  }

yarn manifest: 
  No manifest

Lockfile: 
  No lockfile
